[debug] [2025-03-28T09:11:46.461Z] ----------------------------------------------------------------------
[debug] [2025-03-28T09:11:46.473Z] Command:       C:\Program Files\nodejs\node.exe C:\Users\HP\AppData\Roaming\npm\node_modules\firebase-tools\lib\bin\firebase.js emulators:start --only functions
[debug] [2025-03-28T09:11:46.475Z] CLI Version:   13.35.1
[debug] [2025-03-28T09:11:46.476Z] Platform:      win32
[debug] [2025-03-28T09:11:46.476Z] Node Version:  v22.12.0
[debug] [2025-03-28T09:11:46.477Z] Time:          Fri Mar 28 2025 12:11:46 GMT+0300 (East Africa Time)
[debug] [2025-03-28T09:11:46.478Z] ----------------------------------------------------------------------
[debug] 
[debug] [2025-03-28T09:11:47.669Z] > command requires scopes: ["email","openid","https://www.googleapis.com/auth/cloudplatformprojects.readonly","https://www.googleapis.com/auth/firebase","https://www.googleapis.com/auth/cloud-platform"]
[debug] [2025-03-28T09:11:47.674Z] > authorizing via signed-in user (biniyam7934@gmail.com)
[info] i  emulators: Starting emulators: functions {"metadata":{"emulator":{"name":"hub"},"message":"Starting emulators: functions"}}
[debug] [2025-03-28T09:11:47.719Z] [logging] Logging Emulator only supports listening on one address (127.0.0.1). Not listening on ::1
[debug] [2025-03-28T09:11:47.720Z] assigned listening specs for emulators {"user":{"hub":[{"address":"127.0.0.1","family":"IPv4","port":4400},{"address":"::1","family":"IPv6","port":4400}],"ui":[{"address":"127.0.0.1","family":"IPv4","port":4000},{"address":"::1","family":"IPv6","port":4000}],"logging":[{"address":"127.0.0.1","family":"IPv4","port":4500}]},"metadata":{"message":"assigned listening specs for emulators"}}
[debug] [2025-03-28T09:11:47.742Z] [hub] writing locator at C:\Users\HP\AppData\Local\Temp\hub-clone-a333d.json
[debug] [2025-03-28T09:11:47.814Z] [functions] Functions Emulator only supports listening on one address (127.0.0.1). Not listening on ::1
[debug] [2025-03-28T09:11:47.814Z] [eventarc] Eventarc Emulator only supports listening on one address (127.0.0.1). Not listening on ::1
[debug] [2025-03-28T09:11:47.815Z] [tasks] Cloud Tasks Emulator only supports listening on one address (127.0.0.1). Not listening on ::1
[debug] [2025-03-28T09:11:47.815Z] late-assigned ports for functions and eventarc emulators {"user":{"hub":[{"address":"127.0.0.1","family":"IPv4","port":4400},{"address":"::1","family":"IPv6","port":4400}],"ui":[{"address":"127.0.0.1","family":"IPv4","port":4000},{"address":"::1","family":"IPv6","port":4000}],"logging":[{"address":"127.0.0.1","family":"IPv4","port":4500}],"functions":[{"address":"127.0.0.1","family":"IPv4","port":5001}],"eventarc":[{"address":"127.0.0.1","family":"IPv4","port":9299}],"tasks":[{"address":"127.0.0.1","family":"IPv4","port":9499}]},"metadata":{"message":"late-assigned ports for functions and eventarc emulators"}}
[warn] !  functions: The following emulators are not running, calls to these services from the Functions emulator will affect production: apphosting, auth, firestore, database, hosting, pubsub, storage, dataconnect {"metadata":{"emulator":{"name":"functions"},"message":"The following emulators are not running, calls to these services from the Functions emulator will affect production: \u001b[1mapphosting, auth, firestore, database, hosting, pubsub, storage, dataconnect\u001b[22m"}}
[debug] [2025-03-28T09:11:47.988Z] defaultcredentials: writing to file C:\Users\HP\AppData\Roaming\firebase\biniyam7934_gmail_com_application_default_credentials.json
[debug] [2025-03-28T09:11:47.994Z] Setting GAC to C:\Users\HP\AppData\Roaming\firebase\biniyam7934_gmail_com_application_default_credentials.json {"metadata":{"emulator":{"name":"functions"},"message":"Setting GAC to C:\\Users\\HP\\AppData\\Roaming\\firebase\\biniyam7934_gmail_com_application_default_credentials.json"}}
[debug] [2025-03-28T09:11:47.996Z] Checked if tokens are valid: false, expires at: 1743106229658
[debug] [2025-03-28T09:11:47.997Z] Checked if tokens are valid: false, expires at: 1743106229658
[debug] [2025-03-28T09:11:47.998Z] > refreshing access token with scopes: []
[debug] [2025-03-28T09:11:48.004Z] >>> [apiv2][query] POST https://www.googleapis.com/oauth2/v3/token [none]
[debug] [2025-03-28T09:11:48.005Z] >>> [apiv2][body] POST https://www.googleapis.com/oauth2/v3/token [omitted]
[debug] [2025-03-28T09:11:49.679Z] <<< [apiv2][status] POST https://www.googleapis.com/oauth2/v3/token 200
[debug] [2025-03-28T09:11:49.680Z] <<< [apiv2][body] POST https://www.googleapis.com/oauth2/v3/token [omitted]
[debug] [2025-03-28T09:11:49.733Z] >>> [apiv2][query] GET https://firebase.googleapis.com/v1beta1/projects/clone-a333d/adminSdkConfig [none]
[debug] [2025-03-28T09:11:52.218Z] <<< [apiv2][status] GET https://firebase.googleapis.com/v1beta1/projects/clone-a333d/adminSdkConfig 200
[debug] [2025-03-28T09:11:52.218Z] <<< [apiv2][body] GET https://firebase.googleapis.com/v1beta1/projects/clone-a333d/adminSdkConfig {"projectId":"clone-a333d","storageBucket":"clone-a333d.firebasestorage.app"}
[info] i  functions: Watching "C:\Users\HP\Documents\Evanga\newfolder\amazon\functions" for Cloud Functions... {"metadata":{"emulator":{"name":"functions"},"message":"Watching \"C:\\Users\\HP\\Documents\\Evanga\\newfolder\\amazon\\functions\" for Cloud Functions..."}}
[debug] [2025-03-28T09:11:52.389Z] Validating nodejs source
[debug] [2025-03-28T09:12:00.867Z] > [functions] package.json contents: {
  "name": "functions",
  "description": "Cloud Functions for Firebase",
  "scripts": {
    "serve": "firebase emulators:start --only functions",
    "shell": "firebase functions:shell",
    "start": "npm run shell",
    "deploy": "firebase deploy --only functions",
    "logs": "firebase functions:log"
  },
  "engines": {
    "node": "22"
  },
  "main": "index.js",
  "dependencies": {
    "cors": "^2.8.5",
    "dotenv": "^16.4.7",
    "express": "^4.21.2",
    "firebase-admin": "^12.6.0",
    "firebase-functions": "^6.0.1",
    "stripe": "^17.7.0"
  },
  "devDependencies": {
    "firebase-functions-test": "^3.1.0"
  },
  "private": true
}
[debug] [2025-03-28T09:12:00.868Z] Building nodejs source
[debug] [2025-03-28T09:12:00.870Z] Failed to find version of module node: reached end of search path C:\Users\HP\Documents\Evanga\newfolder\amazon\functions\node_modules
[info] +  functions: Using node@22 from host. 
[info] i  functions: Loaded environment variables from .env. 
[debug] [2025-03-28T09:12:00.883Z] Could not find functions.yaml. Must use http discovery
[debug] [2025-03-28T09:12:00.906Z] Found firebase-functions binary at 'C:\Users\HP\Documents\Evanga\newfolder\amazon\functions\node_modules\.bin\firebase-functions'
[info] Serving at port 8465

[debug] [2025-03-28T09:12:04.528Z] Got response from /__/functions.yaml {"endpoints":{"api":{"availableMemoryMb":null,"timeoutSeconds":null,"minInstances":null,"maxInstances":null,"ingressSettings":null,"concurrency":null,"serviceAccountEmail":null,"vpc":null,"platform":"gcfv2","labels":{},"httpsTrigger":{},"entryPoint":"api"}},"specVersion":"v1alpha1","requiredAPIs":[],"extensions":{}}
[info] +  functions: Loaded functions definitions from source: api. {"metadata":{"emulator":{"name":"functions"},"message":"Loaded functions definitions from source: api."}}
[info] +  functions[us-central1-api]: http function initialized (http://127.0.0.1:5001/clone-a333d/us-central1/api). {"metadata":{"emulator":{"name":"functions"},"message":"\u001b[1mhttp\u001b[22m function initialized (http://127.0.0.1:5001/clone-a333d/us-central1/api)."}}
[debug] [2025-03-28T09:12:08.642Z] Could not find VSCode notification endpoint: FetchError: request to http://localhost:40001/vscode/notify failed, reason: connect ECONNREFUSED 127.0.0.1:40001. If you are not running the Firebase Data Connect VSCode extension, this is expected and not an issue.
[info] 
┌─────────────────────────────────────────────────────────────┐
│ ✔  All emulators ready! It is now safe to connect your app. │
│ i  View Emulator UI at http://127.0.0.1:4000/               │
└─────────────────────────────────────────────────────────────┘

┌───────────┬────────────────┬─────────────────────────────────┐
│ Emulator  │ Host:Port      │ View in Emulator UI             │
├───────────┼────────────────┼─────────────────────────────────┤
│ Functions │ 127.0.0.1:5001 │ http://127.0.0.1:4000/functions │
└───────────┴────────────────┴─────────────────────────────────┘
  Emulator Hub host: 127.0.0.1 port: 4400
  Other reserved ports: 4500

Issues? Report them at https://github.com/firebase/firebase-tools/issues and attach the *-debug.log files.
 
[debug] [2025-03-28T10:09:37.828Z] [work-queue] {"queuedWork":["/clone-a333d/us-central1/api/payment/create-2025-03-28T10:09:37.828Z"],"queueLength":1,"runningWork":[],"workRunningCount":0}
[debug] [2025-03-28T10:09:37.829Z] [work-queue] {"queuedWork":[],"queueLength":0,"runningWork":["/clone-a333d/us-central1/api/payment/create-2025-03-28T10:09:37.828Z"],"workRunningCount":1}
[debug] [2025-03-28T10:09:37.831Z] Accepted request POST /clone-a333d/us-central1/api/payment/create?total=12797 --> us-central1-api
[debug] [2025-03-28T10:09:37.839Z] [functions] Runtime ready! Sending request! {"metadata":{"emulator":{"name":"functions"},"message":"[functions] Runtime ready! Sending request!"}}
[debug] [2025-03-28T10:09:37.841Z] [functions] Got req.url=/clone-a333d/us-central1/api/payment/create?total=12797, mapping to path=/payment/create?total=12797 {"metadata":{"emulator":{"name":"functions"},"message":"[functions] Got req.url=/clone-a333d/us-central1/api/payment/create?total=12797, mapping to path=/payment/create?total=12797"}}
[info] i  functions: Loaded environment variables from .env. 
[debug] [2025-03-28T10:09:37.941Z] [worker-pool] addWorker(us-central1-api) {"metadata":{"emulator":{"name":"functions"},"message":"[worker-pool] addWorker(us-central1-api)"}}
[debug] [2025-03-28T10:09:37.960Z] [worker-pool] Adding worker with key us-central1-api, total=1 {"metadata":{"emulator":{"name":"functions"},"message":"[worker-pool] Adding worker with key us-central1-api, total=1"}}
[info] >  (node:12812) [DEP0040] DeprecationWarning: The `punycode` module is deprecated. Please use a userland alternative instead. {"user":"(node:12812) [DEP0040] DeprecationWarning: The `punycode` module is deprecated. Please use a userland alternative instead.","metadata":{"emulator":{"name":"functions"},"function":{"name":"us-central1-api"},"extension":{},"message":"\u001b[90m> \u001b[39m (node:12812) [DEP0040] DeprecationWarning: The `punycode` module is deprecated. Please use a userland alternative instead."}}
[info] >  (Use `node --trace-deprecation ...` to show where the warning was created) {"user":"(Use `node --trace-deprecation ...` to show where the warning was created)","metadata":{"emulator":{"name":"functions"},"function":{"name":"us-central1-api"},"extension":{},"message":"\u001b[90m> \u001b[39m (Use `node --trace-deprecation ...` to show where the warning was created)"}}
[debug] [2025-03-28T10:09:45.139Z] [runtime-status] [12812] Resolved module firebase-admin {"declared":true,"installed":true,"version":"12.7.0","resolution":"C:\\Users\\HP\\Documents\\Evanga\\newfolder\\amazon\\functions\\node_modules\\firebase-admin\\lib\\index.js"} {"metadata":{"emulator":{"name":"functions"},"function":{"name":"us-central1-api"},"extension":{},"message":"[runtime-status] [12812] Resolved module firebase-admin {\"declared\":true,\"installed\":true,\"version\":\"12.7.0\",\"resolution\":\"C:\\\\Users\\\\HP\\\\Documents\\\\Evanga\\\\newfolder\\\\amazon\\\\functions\\\\node_modules\\\\firebase-admin\\\\lib\\\\index.js\"}"}}
[debug] [2025-03-28T10:09:45.148Z] [runtime-status] [12812] Resolved module firebase-functions {"declared":true,"installed":true,"version":"6.3.2","resolution":"C:\\Users\\HP\\Documents\\Evanga\\newfolder\\amazon\\functions\\node_modules\\firebase-functions\\lib\\v2\\index.js"} {"metadata":{"emulator":{"name":"functions"},"function":{"name":"us-central1-api"},"extension":{},"message":"[runtime-status] [12812] Resolved module firebase-functions {\"declared\":true,\"installed\":true,\"version\":\"6.3.2\",\"resolution\":\"C:\\\\Users\\\\HP\\\\Documents\\\\Evanga\\\\newfolder\\\\amazon\\\\functions\\\\node_modules\\\\firebase-functions\\\\lib\\\\v2\\\\index.js\"}"}}
[debug] [2025-03-28T10:09:45.150Z] [runtime-status] [12812] Outgoing network have been stubbed. [{"name":"http","status":"mocked"},{"name":"http","status":"mocked"},{"name":"https","status":"mocked"},{"name":"https","status":"mocked"},{"name":"net","status":"mocked"}] {"metadata":{"emulator":{"name":"functions"},"function":{"name":"us-central1-api"},"extension":{},"message":"[runtime-status] [12812] Outgoing network have been stubbed. [{\"name\":\"http\",\"status\":\"mocked\"},{\"name\":\"http\",\"status\":\"mocked\"},{\"name\":\"https\",\"status\":\"mocked\"},{\"name\":\"https\",\"status\":\"mocked\"},{\"name\":\"net\",\"status\":\"mocked\"}]"}}
[debug] [2025-03-28T10:09:45.157Z] [runtime-status] [12812] Resolved module firebase-functions {"declared":true,"installed":true,"version":"6.3.2","resolution":"C:\\Users\\HP\\Documents\\Evanga\\newfolder\\amazon\\functions\\node_modules\\firebase-functions\\lib\\v2\\index.js"} {"metadata":{"emulator":{"name":"functions"},"function":{"name":"us-central1-api"},"extension":{},"message":"[runtime-status] [12812] Resolved module firebase-functions {\"declared\":true,\"installed\":true,\"version\":\"6.3.2\",\"resolution\":\"C:\\\\Users\\\\HP\\\\Documents\\\\Evanga\\\\newfolder\\\\amazon\\\\functions\\\\node_modules\\\\firebase-functions\\\\lib\\\\v2\\\\index.js\"}"}}
